{"level":"info","message":"Admin service is running on http://localhost:3001","service":"admin-service","timestamp":"2025-09-26T07:48:23.443Z"}
{"level":"info","message":"Admin service is running on http://localhost:3001","service":"admin-service","timestamp":"2025-09-26T07:49:25.604Z"}
{"level":"info","message":"Admin service is running on http://localhost:3001","service":"admin-service","timestamp":"2025-09-26T07:50:02.543Z"}
{"level":"info","message":"Admin service is running on http://localhost:3003","service":"admin-service","timestamp":"2025-09-26T07:50:19.616Z"}
{"level":"info","message":"Admin service is running on http://localhost:3001","service":"admin-service","timestamp":"2025-09-26T07:50:23.396Z"}
{"level":"info","message":"Admin service is running on http://localhost:3003","service":"admin-service","timestamp":"2025-09-26T07:52:20.403Z"}
{"email":"admin@yopmail.com","error":"Cannot read properties of undefined (reading 'findUnique')","level":"error","message":"Admin registration failed:","service":"admin-service","timestamp":"2025-09-26T07:53:39.074Z"}
{"email":"admin@yopmail.com","error":"Cannot read properties of undefined (reading 'findUnique')","ip":"::1","level":"error","message":"Admin registration error:","service":"admin-service","timestamp":"2025-09-26T07:53:39.078Z"}
{"level":"info","message":"Admin service is running on http://localhost:3003","service":"admin-service","timestamp":"2025-09-26T07:53:46.866Z"}
{"email":"admin@yopmail.com","error":"Cannot read properties of undefined (reading 'findUnique')","level":"error","message":"Admin registration failed:","service":"admin-service","timestamp":"2025-09-26T07:53:52.772Z"}
{"email":"admin@yopmail.com","error":"Cannot read properties of undefined (reading 'findUnique')","ip":"::1","level":"error","message":"Admin registration error:","service":"admin-service","timestamp":"2025-09-26T07:53:52.776Z"}
{"level":"info","message":"Admin service is running on http://localhost:3003","service":"admin-service","timestamp":"2025-09-26T07:56:29.616Z"}
{"adminId":"5d86bb94-36e7-4113-bcae-6bf91ce93cd4","email":"admin@yopmail.com","level":"info","message":"Admin registered successfully: admin@yopmail.com","service":"admin-service","timestamp":"2025-09-26T07:56:35.883Z"}
{"adminId":"5d86bb94-36e7-4113-bcae-6bf91ce93cd4","attempts":1,"email":"admin@yopmail.com","level":"warn","locked":false,"message":"Failed admin login attempt","service":"admin-service","timestamp":"2025-09-26T07:57:58.632Z"}
{"email":"admin@yopmail.com","error":"Invalid email or password","level":"error","message":"Admin login failed:","service":"admin-service","timestamp":"2025-09-26T07:57:58.633Z"}
{"email":"admin@yopmail.com","error":"Invalid email or password","ip":"::1","level":"error","message":"Admin login error:","service":"admin-service","timestamp":"2025-09-26T07:57:58.635Z"}
{"adminId":"5d86bb94-36e7-4113-bcae-6bf91ce93cd4","email":"admin@yopmail.com","level":"info","message":"Admin logged in successfully","service":"admin-service","timestamp":"2025-09-26T07:58:03.781Z"}
{"level":"info","message":"Admin service is running on http://localhost:3003","service":"admin-service","timestamp":"2025-09-26T08:20:38.720Z"}
{"level":"info","message":"Admin service is running on http://localhost:3003","service":"admin-service","timestamp":"2025-09-26T08:21:06.614Z"}
{"level":"info","message":"Admin service is running on http://localhost:3003","service":"admin-service","timestamp":"2025-09-26T08:21:37.473Z"}
{"error":"Invalid or expired access token","ip":"::1","level":"warn","message":"Authentication failed: Invalid token","method":"GET","path":"/profile","service":"admin-service","timestamp":"2025-09-26T08:22:27.836Z"}
{"error":"Invalid or expired access token","ip":"::1","level":"warn","message":"Authentication failed: Invalid token","method":"GET","path":"/profile","service":"admin-service","timestamp":"2025-09-26T08:22:38.149Z"}
{"adminId":"5d86bb94-36e7-4113-bcae-6bf91ce93cd4","email":"admin@yopmail.com","level":"info","message":"Admin logged in successfully","service":"admin-service","timestamp":"2025-09-26T08:22:45.703Z"}
{"adminId":"5d86bb94-36e7-4113-bcae-6bf91ce93cd4","email":"admin@yopmail.com","level":"info","message":"Admin profile retrieved","service":"admin-service","timestamp":"2025-09-26T08:23:05.697Z"}
{"level":"info","message":"Admin service is running on http://localhost:3003","service":"admin-service","timestamp":"2025-09-26T08:31:56.983Z"}
{"adminId":"5d86bb94-36e7-4113-bcae-6bf91ce93cd4","email":"admin@yopmail.com","level":"info","message":"Admin logged in successfully","service":"admin-service","timestamp":"2025-09-26T08:32:10.627Z"}
{"adminId":"fc603e5a-44d7-4ac3-b6bc-14af11732519","createdBy":"5d86bb94-36e7-4113-bcae-6bf91ce93cd4","email":"manager@yopmail.com","level":"info","message":"Admin created successfully","role":"ADMIN","service":"admin-service","timestamp":"2025-09-26T08:33:18.718Z"}
{"adminId":"fc603e5a-44d7-4ac3-b6bc-14af11732519","attempts":1,"email":"manager@yopmail.com","level":"warn","locked":false,"message":"Failed admin login attempt","service":"admin-service","timestamp":"2025-09-26T08:33:43.151Z"}
{"email":"manager@yopmail.com","error":"Invalid email or password","level":"error","message":"Admin login failed:","service":"admin-service","timestamp":"2025-09-26T08:33:43.152Z"}
{"email":"manager@yopmail.com","error":"Invalid email or password","ip":"::1","level":"error","message":"Admin login error:","service":"admin-service","timestamp":"2025-09-26T08:33:43.154Z"}
{"adminId":"fc603e5a-44d7-4ac3-b6bc-14af11732519","email":"manager@yopmail.com","level":"info","message":"Admin logged in successfully","service":"admin-service","timestamp":"2025-09-26T08:33:49.162Z"}
{"ip":"::1","level":"warn","message":"Authorization failed: Insufficient permissions","method":"POST","path":"/","requiredRole":"SUPER_ADMIN","service":"admin-service","timestamp":"2025-09-26T08:34:14.127Z","userId":"fc603e5a-44d7-4ac3-b6bc-14af11732519","userRole":"ADMIN"}
{"level":"info","message":"Admin service is running on http://localhost:3003","service":"admin-service","timestamp":"2025-09-26T08:35:02.523Z"}
{"adminId":"5d86bb94-36e7-4113-bcae-6bf91ce93cd4","email":"admin@yopmail.com","level":"info","message":"Admin logged in successfully","service":"admin-service","timestamp":"2025-09-26T08:35:13.599Z"}
{"adminId":"fc603e5a-44d7-4ac3-b6bc-14af11732519","changes":["firstName"],"email":"manager@yopmail.com","level":"info","message":"Admin updated successfully","service":"admin-service","timestamp":"2025-09-26T08:37:02.252Z","updatedBy":"5d86bb94-36e7-4113-bcae-6bf91ce93cd4"}
{"adminId":"fc603e5a-44d7-4ac3-b6bc-14af11732519","deletedBy":"5d86bb94-36e7-4113-bcae-6bf91ce93cd4","email":"manager@yopmail.com","level":"info","message":"Admin deleted successfully","service":"admin-service","timestamp":"2025-09-26T08:37:43.699Z"}
{"level":"info","message":"Admin service is running on http://localhost:3003","service":"admin-service","timestamp":"2025-09-26T09:13:17.435Z"}
{"level":"info","message":"Admin service is running on http://localhost:3003","service":"admin-service","timestamp":"2025-09-26T09:13:30.831Z"}
{"level":"info","message":"Admin service is running on http://localhost:3003","service":"admin-service","timestamp":"2025-09-26T09:36:26.689Z"}
{"ip":"::1","level":"warn","message":"Authentication failed: No token provided","method":"POST","path":"/initialize-permissions","service":"admin-service","timestamp":"2025-09-26T09:36:31.900Z"}
{"adminId":"5d86bb94-36e7-4113-bcae-6bf91ce93cd4","email":"admin@yopmail.com","level":"info","message":"Admin logged in successfully","service":"admin-service","timestamp":"2025-09-26T09:36:41.781Z"}
{"level":"info","message":"Permissions initialized successfully","service":"admin-service","timestamp":"2025-09-26T09:37:14.418Z"}
{"createdBy":"5d86bb94-36e7-4113-bcae-6bf91ce93cd4","level":"info","message":"Role created successfully","permissionsCount":3,"roleId":"6842ae6e-8359-4764-881a-9a7b6b1092e5","roleName":"Staff","service":"admin-service","timestamp":"2025-09-26T09:40:02.978Z"}
{"level":"info","message":"Admin service is running on http://localhost:3003","service":"admin-service","timestamp":"2025-09-26T09:41:20.970Z"}
{"adminId":"ff3a7a9f-1f66-4dc7-90f8-ea0e7b82bb63","createdBy":"5d86bb94-36e7-4113-bcae-6bf91ce93cd4","email":"manager@yopmail.com","level":"info","message":"Admin created successfully","role":"ADMIN","service":"admin-service","timestamp":"2025-09-26T09:46:39.944Z"}
{"adminId":"ff3a7a9f-1f66-4dc7-90f8-ea0e7b82bb63","assignedBy":"5d86bb94-36e7-4113-bcae-6bf91ce93cd4","level":"info","message":"Role assigned to admin successfully","roleId":"6842ae6e-8359-4764-881a-9a7b6b1092e5","service":"admin-service","timestamp":"2025-09-26T09:47:53.046Z"}
{"level":"info","message":"Admin service is running on http://localhost:3003","service":"admin-service","timestamp":"2025-09-26T09:58:20.015Z"}
{"error":"Invalid or expired access token","ip":"::1","level":"warn","message":"Authentication failed: Invalid token","method":"POST","path":"/check","service":"admin-service","timestamp":"2025-09-26T10:07:54.963Z"}
{"adminId":"ff3a7a9f-1f66-4dc7-90f8-ea0e7b82bb63","email":"manager@yopmail.com","level":"info","message":"Admin logged in successfully","service":"admin-service","timestamp":"2025-09-26T10:08:11.095Z"}
{"action":"READ","hasPermission":true,"ip":"::1","level":"info","message":"Permission check completed","resource":"USERS","service":"admin-service","timestamp":"2025-09-26T10:08:32.020Z","userId":"ff3a7a9f-1f66-4dc7-90f8-ea0e7b82bb63","userRole":"ADMIN"}
{"hasPermission":true,"ip":"::1","level":"info","message":"Multiple permissions check completed","permissions":[{"action":"READ","resource":"USERS"},{"action":"UPDATE","resource":"USERS"}],"requireAll":true,"service":"admin-service","timestamp":"2025-09-26T10:09:57.554Z","userId":"ff3a7a9f-1f66-4dc7-90f8-ea0e7b82bb63","userPermissionsCount":3,"userRole":"ADMIN"}
{"action":"READ","hasPermission":true,"ip":"::1","level":"info","message":"Token verification and permission check completed","requireAll":true,"resource":"USERS","service":"admin-service","timestamp":"2025-09-26T10:11:09.503Z","userId":"ff3a7a9f-1f66-4dc7-90f8-ea0e7b82bb63","userRole":"ADMIN"}
{"level":"info","message":"Admin service is running on http://localhost:3003","service":"admin-service","timestamp":"2025-09-26T10:13:04.171Z"}
{"level":"info","message":"Admin service is running on http://localhost:3003","service":"admin-service","timestamp":"2025-09-26T10:13:42.467Z"}
{"level":"info","message":"Admin service is running on http://localhost:3003","service":"admin-service","timestamp":"2025-09-26T10:14:10.274Z"}
{"level":"info","message":"Admin service is running on http://localhost:3003","service":"admin-service","timestamp":"2025-09-26T10:14:48.694Z"}
{"errors":[{"field":"adminId","message":"Invalid input: expected string, received undefined"}],"ip":"::1","level":"warn","message":"Validation failed","method":"POST","path":"/check-by-admin-id","service":"admin-service","timestamp":"2025-09-26T10:16:55.938Z"}
{"action":"READ","adminId":"ff3a7a9f-1f66-4dc7-90f8-ea0e7b82bb63","hasPermission":true,"ip":"::1","level":"info","message":"Permission check by admin ID completed","resource":"USERS","service":"admin-service","timestamp":"2025-09-26T10:18:30.119Z","userPermissionsCount":3,"userRole":"ADMIN"}
{"action":"DELETE","adminId":"ff3a7a9f-1f66-4dc7-90f8-ea0e7b82bb63","hasPermission":false,"ip":"::1","level":"info","message":"Permission check by admin ID completed","resource":"USERS","service":"admin-service","timestamp":"2025-09-26T10:18:45.025Z","userPermissionsCount":3,"userRole":"ADMIN"}
{"action":"READ","adminId":"ff3a7a9f-1f66-4dc7-90f8-ea0e7b82bb63","hasPermission":true,"ip":"::1","level":"info","message":"Permission check by admin ID completed","resource":"USERS","service":"admin-service","timestamp":"2025-09-26T10:18:55.323Z","userPermissionsCount":3,"userRole":"ADMIN"}
{"level":"info","message":"Admin service is running on http://localhost:3003","service":"admin-service","timestamp":"2025-09-26T10:20:04.184Z"}
{"level":"info","message":"Admin service is running on http://localhost:3003","service":"admin-service","timestamp":"2025-09-26T10:20:56.890Z"}
{"level":"info","message":"Admin service is running on http://localhost:3003","service":"admin-service","timestamp":"2025-09-26T10:21:15.424Z"}
{"level":"info","message":"Admin service is running on http://localhost:3003","service":"admin-service","timestamp":"2025-09-26T10:22:53.220Z"}
{"action":"READ","adminId":"ff3a7a9f-1f66-4dc7-90f8-ea0e7b82bb63","hasPermission":true,"ip":"::1","level":"info","message":"Permission check by admin ID completed","resource":"USERS","service":"admin-service","timestamp":"2025-09-26T10:23:27.404Z","userPermissionsCount":3,"userRole":"ADMIN"}
{"action":"DELETE","adminId":"ff3a7a9f-1f66-4dc7-90f8-ea0e7b82bb63","hasPermission":false,"ip":"::1","level":"info","message":"Permission check by admin ID completed","resource":"USERS","service":"admin-service","timestamp":"2025-09-26T10:23:40.489Z","userPermissionsCount":3,"userRole":"ADMIN"}
{"errors":[{"field":"resource","message":"Invalid option: expected one of \"USERS\"|\"CONTRACTORS\"|\"QUOTATIONS\"|\"PRODUCTS\""}],"ip":"::1","level":"warn","message":"Validation failed","method":"POST","path":"/check-by-admin-id","service":"admin-service","timestamp":"2025-09-26T10:23:47.212Z"}
{"action":"READ","adminId":"ff3a7a9f-1f66-4dc7-90f8-ea0e7b82bb63","hasPermission":true,"ip":"::1","level":"info","message":"Permission check by admin ID completed","resource":"USERS","service":"admin-service","timestamp":"2025-09-26T10:23:55.475Z","userPermissionsCount":3,"userRole":"ADMIN"}
