{"level":"info","message":"Document service is running on http://localhost:3004","service":"document-service","timestamp":"2025-09-26T11:10:49.943Z"}
{"ip":"::1","level":"info","message":"Incoming request","method":"POST","service":"document-service","timestamp":"2025-09-26T11:13:17.953Z","url":"/api/document-categories/seed","userAgent":"PostmanRuntime/7.47.1"}
{"level":"info","message":"Seeding default document categories","service":"document-service","timestamp":"2025-09-26T11:13:17.955Z"}
{"count":10,"level":"info","message":"Creating multiple document categories","service":"document-service","timestamp":"2025-09-26T11:13:17.956Z"}
{"count":10,"level":"info","message":"Multiple document categories created successfully","service":"document-service","timestamp":"2025-09-26T11:13:18.071Z"}
{"count":10,"level":"info","message":"Document categories seeded successfully","service":"document-service","timestamp":"2025-09-26T11:13:18.072Z"}
{"level":"info","message":"Document service is running on http://localhost:3004","service":"document-service","timestamp":"2025-09-26T11:14:11.530Z"}
{"ip":"::1","level":"info","message":"Incoming request","method":"GET","service":"document-service","timestamp":"2025-09-26T11:14:19.892Z","url":"/api/document-categories","userAgent":"PostmanRuntime/7.47.1"}
{"level":"info","message":"Fetching all document categories","service":"document-service","timestamp":"2025-09-26T11:14:19.894Z"}
{"level":"info","message":"Fetching all document categories","service":"document-service","timestamp":"2025-09-26T11:14:19.894Z"}
{"count":10,"level":"info","message":"Document categories fetched successfully","service":"document-service","timestamp":"2025-09-26T11:14:19.967Z"}
{"count":10,"level":"info","message":"Document categories fetched successfully","service":"document-service","timestamp":"2025-09-26T11:14:19.968Z"}
{"level":"info","message":"Document service is running on http://localhost:3004","service":"document-service","timestamp":"2025-09-26T11:24:15.681Z"}
{"level":"info","message":"Document service is running on http://localhost:3004","service":"document-service","timestamp":"2025-09-26T11:24:27.101Z"}
{"level":"info","message":"Document service is running on http://localhost:3004","service":"document-service","timestamp":"2025-09-26T11:32:18.139Z"}
{"level":"info","message":"Document service is running on http://localhost:3004","service":"document-service","timestamp":"2025-09-26T11:35:50.275Z"}
{"ip":"::1","level":"info","message":"Incoming request","method":"POST","service":"document-service","timestamp":"2025-09-26T11:38:08.127Z","url":"/api/documents/upload","userAgent":"PostmanRuntime/7.47.1"}
{"ip":"::1","level":"warn","message":"Missing or invalid authorization header","service":"document-service","timestamp":"2025-09-26T11:38:08.131Z","userAgent":"PostmanRuntime/7.47.1"}
{"ip":"::1","level":"info","message":"Incoming request","method":"POST","service":"document-service","timestamp":"2025-09-26T11:39:16.432Z","url":"/api/documents/upload","userAgent":"PostmanRuntime/7.47.1"}
{"level":"info","message":"Token verified with USER service secret","service":"document-service","timestamp":"2025-09-26T11:39:16.441Z","userId":"d86090fa-4002-4bf8-bc27-6c5e2b84c4d2"}
{"email":"user@yopmail.com","level":"info","message":"User authenticated successfully","role":"USER","service":"document-service","timestamp":"2025-09-26T11:39:16.442Z","userId":"d86090fa-4002-4bf8-bc27-6c5e2b84c4d2","userType":"USER"}
{"ip":"::1","level":"info","message":"Incoming request","method":"POST","service":"document-service","timestamp":"2025-09-26T11:39:36.036Z","url":"/api/documents/upload","userAgent":"PostmanRuntime/7.47.1"}
{"level":"info","message":"Token verified with USER service secret","service":"document-service","timestamp":"2025-09-26T11:39:36.042Z","userId":"d86090fa-4002-4bf8-bc27-6c5e2b84c4d2"}
{"email":"user@yopmail.com","level":"info","message":"User authenticated successfully","role":"USER","service":"document-service","timestamp":"2025-09-26T11:39:36.073Z","userId":"d86090fa-4002-4bf8-bc27-6c5e2b84c4d2","userType":"USER"}
{"ip":"::1","level":"info","message":"Incoming request","method":"POST","service":"document-service","timestamp":"2025-09-26T11:40:40.787Z","url":"/api/documents/upload","userAgent":"PostmanRuntime/7.47.1"}
{"level":"info","message":"Token verified with USER service secret","service":"document-service","timestamp":"2025-09-26T11:40:40.789Z","userId":"d86090fa-4002-4bf8-bc27-6c5e2b84c4d2"}
{"email":"user@yopmail.com","level":"info","message":"User authenticated successfully","role":"USER","service":"document-service","timestamp":"2025-09-26T11:40:40.790Z","userId":"d86090fa-4002-4bf8-bc27-6c5e2b84c4d2","userType":"USER"}
{"ip":"::1","level":"info","message":"Incoming request","method":"POST","service":"document-service","timestamp":"2025-09-26T11:40:42.879Z","url":"/api/documents/upload","userAgent":"PostmanRuntime/7.47.1"}
{"level":"info","message":"Token verified with USER service secret","service":"document-service","timestamp":"2025-09-26T11:40:42.881Z","userId":"d86090fa-4002-4bf8-bc27-6c5e2b84c4d2"}
{"email":"user@yopmail.com","level":"info","message":"User authenticated successfully","role":"USER","service":"document-service","timestamp":"2025-09-26T11:40:42.882Z","userId":"d86090fa-4002-4bf8-bc27-6c5e2b84c4d2","userType":"USER"}
{"level":"info","message":"Document service is running on http://localhost:3004","service":"document-service","timestamp":"2025-09-26T11:41:22.583Z"}
{"ip":"::1","level":"info","message":"Incoming request","method":"POST","service":"document-service","timestamp":"2025-09-26T11:41:27.756Z","url":"/api/documents/upload","userAgent":"PostmanRuntime/7.47.1"}
{"level":"info","message":"Token verified with USER service secret","service":"document-service","timestamp":"2025-09-26T11:41:27.762Z","userId":"d86090fa-4002-4bf8-bc27-6c5e2b84c4d2"}
{"email":"user@yopmail.com","level":"info","message":"User authenticated successfully","role":"USER","service":"document-service","timestamp":"2025-09-26T11:41:27.763Z","userId":"d86090fa-4002-4bf8-bc27-6c5e2b84c4d2","userType":"USER"}
{"level":"info","message":"Document service is running on http://localhost:3004","service":"document-service","timestamp":"2025-09-26T11:41:35.818Z"}
{"ip":"::1","level":"info","message":"Incoming request","method":"POST","service":"document-service","timestamp":"2025-09-26T11:41:40.299Z","url":"/api/documents/upload","userAgent":"PostmanRuntime/7.47.1"}
{"level":"info","message":"Token verified with USER service secret","service":"document-service","timestamp":"2025-09-26T11:41:40.309Z","userId":"d86090fa-4002-4bf8-bc27-6c5e2b84c4d2"}
{"email":"user@yopmail.com","level":"info","message":"User authenticated successfully","role":"USER","service":"document-service","timestamp":"2025-09-26T11:41:40.310Z","userId":"d86090fa-4002-4bf8-bc27-6c5e2b84c4d2","userType":"USER"}
{"level":"info","message":"Document service is running on http://localhost:3004","service":"document-service","timestamp":"2025-09-26T11:43:53.238Z"}
{"level":"info","message":"Document service is running on http://localhost:3004","service":"document-service","timestamp":"2025-09-26T11:44:14.916Z"}
{"level":"info","message":"Document service is running on http://localhost:3004","service":"document-service","timestamp":"2025-09-26T11:45:55.814Z"}
{"ip":"::1","level":"info","message":"Incoming request","method":"POST","service":"document-service","timestamp":"2025-09-26T11:45:59.420Z","url":"/api/documents/upload","userAgent":"PostmanRuntime/7.47.1"}
{"level":"info","message":"Token verified with USER service secret","service":"document-service","timestamp":"2025-09-26T11:45:59.432Z","userId":"d86090fa-4002-4bf8-bc27-6c5e2b84c4d2"}
{"email":"user@yopmail.com","level":"info","message":"User authenticated successfully","role":"USER","service":"document-service","timestamp":"2025-09-26T11:45:59.433Z","userId":"d86090fa-4002-4bf8-bc27-6c5e2b84c4d2","userType":"USER"}
{"ip":"::1","level":"info","message":"Incoming request","method":"POST","service":"document-service","timestamp":"2025-09-26T11:46:41.938Z","url":"/api/documents/upload","userAgent":"PostmanRuntime/7.47.1"}
{"level":"info","message":"Token verified with USER service secret","service":"document-service","timestamp":"2025-09-26T11:46:41.946Z","userId":"d86090fa-4002-4bf8-bc27-6c5e2b84c4d2"}
{"email":"user@yopmail.com","level":"info","message":"User authenticated successfully","role":"USER","service":"document-service","timestamp":"2025-09-26T11:46:41.948Z","userId":"d86090fa-4002-4bf8-bc27-6c5e2b84c4d2","userType":"USER"}
{"categoryId":"5b840fe9-127c-4f04-b70d-8f3598cabd07","filename":"ft_logo1.png","level":"info","message":"Document upload started","mimeType":"image/png","service":"document-service","size":1695,"timestamp":"2025-09-26T11:46:41.963Z","userId":"d86090fa-4002-4bf8-bc27-6c5e2b84c4d2","userType":"USER"}
{"categoryId":"5b840fe9-127c-4f04-b70d-8f3598cabd07","fileSize":1695,"filename":"ft_logo1.png","level":"info","message":"Starting document upload process","service":"document-service","timestamp":"2025-09-26T11:46:42.076Z","userId":"d86090fa-4002-4bf8-bc27-6c5e2b84c4d2"}
{"categoryId":"5b840fe9-127c-4f04-b70d-8f3598cabd07","documentId":"e7a7400c-4e7f-4394-b974-c83c8798fc53","filename":"ft_logo1.png","level":"info","message":"Document upload completed successfully","processingTime":44,"service":"document-service","timestamp":"2025-09-26T11:46:42.119Z","userId":"d86090fa-4002-4bf8-bc27-6c5e2b84c4d2"}
{"archivedDocuments":0,"categoryId":"5b840fe9-127c-4f04-b70d-8f3598cabd07","documentId":"e7a7400c-4e7f-4394-b974-c83c8798fc53","filename":"ft_logo1.png","level":"info","message":"Document upload completed successfully","processingTime":160,"service":"document-service","timestamp":"2025-09-26T11:46:42.121Z","userId":"d86090fa-4002-4bf8-bc27-6c5e2b84c4d2","userType":"USER"}
{"level":"info","message":"Document service is running on http://localhost:3004","service":"document-service","timestamp":"2025-09-26T11:48:03.246Z"}
{"level":"info","message":"Created uploads directory","path":"C:\\Users\\HP EliteBook\\Desktop\\Prabhjot\\rabhan-v3\\backend\\document-service\\uploads","service":"document-service","timestamp":"2025-09-26T11:49:36.948Z"}
{"level":"info","message":"Document service is running on http://localhost:3004","service":"document-service","timestamp":"2025-09-26T11:49:36.969Z"}
{"level":"info","message":"Document service is running on http://localhost:3004","service":"document-service","timestamp":"2025-09-26T11:49:55.718Z"}
{"level":"info","message":"Document service is running on http://localhost:3004","service":"document-service","timestamp":"2025-09-26T11:50:07.600Z"}
{"level":"info","message":"Document service is running on http://localhost:3004","service":"document-service","timestamp":"2025-09-26T11:50:20.128Z"}
{"level":"info","message":"Document service is running on http://localhost:3004","service":"document-service","timestamp":"2025-09-26T11:50:35.686Z"}
{"level":"info","message":"Document service is running on http://localhost:3004","service":"document-service","timestamp":"2025-09-26T11:50:48.008Z"}
{"level":"info","message":"Document service is running on http://localhost:3004","service":"document-service","timestamp":"2025-09-26T11:51:18.234Z"}
{"level":"info","message":"Document service is running on http://localhost:3004","service":"document-service","timestamp":"2025-09-26T11:51:35.577Z"}
{"level":"info","message":"Document service is running on http://localhost:3004","service":"document-service","timestamp":"2025-09-26T11:51:48.019Z"}
{"level":"info","message":"Document service is running on http://localhost:3004","service":"document-service","timestamp":"2025-09-26T11:52:00.836Z"}
{"ip":"::1","level":"info","message":"Incoming request","method":"POST","service":"document-service","timestamp":"2025-09-26T11:52:57.652Z","url":"/api/documents/upload","userAgent":"PostmanRuntime/7.47.1"}
{"level":"info","message":"Token verified with USER service secret","service":"document-service","timestamp":"2025-09-26T11:52:57.662Z","userId":"d86090fa-4002-4bf8-bc27-6c5e2b84c4d2"}
{"email":"user@yopmail.com","level":"info","message":"User authenticated successfully","role":"USER","service":"document-service","timestamp":"2025-09-26T11:52:57.663Z","userId":"d86090fa-4002-4bf8-bc27-6c5e2b84c4d2","userType":"USER"}
{"level":"info","message":"Created user directory","path":"C:\\Users\\HP EliteBook\\Desktop\\Prabhjot\\rabhan-v3\\backend\\document-service\\uploads\\user\\d86090fa-4002-4bf8-bc27-6c5e2b84c4d2","service":"document-service","timestamp":"2025-09-26T11:52:57.670Z","userId":"d86090fa-4002-4bf8-bc27-6c5e2b84c4d2","userType":"USER"}
{"generatedName":"2025-09-26T11-52-57-671Z_undefined_ft_logo1.png_acc582d4.png","level":"info","message":"Generated filename","originalName":"ft_logo1.png","service":"document-service","timestamp":"2025-09-26T11:52:57.672Z","userId":"d86090fa-4002-4bf8-bc27-6c5e2b84c4d2"}
{"categoryId":"5b840fe9-127c-4f04-b70d-8f3598cabd07","filename":"ft_logo1.png","level":"info","message":"Document upload started","mimeType":"image/png","service":"document-service","size":1695,"timestamp":"2025-09-26T11:52:57.681Z","userId":"d86090fa-4002-4bf8-bc27-6c5e2b84c4d2","userType":"USER"}
{"categoryId":"5b840fe9-127c-4f04-b70d-8f3598cabd07","fileSize":1695,"filename":"ft_logo1.png","level":"info","message":"Starting document upload process","service":"document-service","timestamp":"2025-09-26T11:52:57.743Z","userId":"d86090fa-4002-4bf8-bc27-6c5e2b84c4d2"}
{"categoryId":"5b840fe9-127c-4f04-b70d-8f3598cabd07","error":"This file has already been uploaded","level":"error","message":"Document upload failed","processingTime":15,"service":"document-service","timestamp":"2025-09-26T11:52:57.758Z","userId":"d86090fa-4002-4bf8-bc27-6c5e2b84c4d2"}
{"documentId":"pending","error":"This file has already been uploaded","filename":"ft_logo1.png","level":"error","message":"Document upload failed","processingTime":78,"service":"document-service","timestamp":"2025-09-26T11:52:57.759Z","userId":"d86090fa-4002-4bf8-bc27-6c5e2b84c4d2","userType":"USER"}
{"ip":"::1","level":"info","message":"Incoming request","method":"POST","service":"document-service","timestamp":"2025-09-26T11:53:28.187Z","url":"/api/documents/upload","userAgent":"PostmanRuntime/7.47.1"}
{"level":"info","message":"Token verified with USER service secret","service":"document-service","timestamp":"2025-09-26T11:53:28.191Z","userId":"d86090fa-4002-4bf8-bc27-6c5e2b84c4d2"}
{"email":"user@yopmail.com","level":"info","message":"User authenticated successfully","role":"USER","service":"document-service","timestamp":"2025-09-26T11:53:28.192Z","userId":"d86090fa-4002-4bf8-bc27-6c5e2b84c4d2","userType":"USER"}
{"generatedName":"2025-09-26T11-53-28-194Z_undefined_ft_logo1.png_2859337a.png","level":"info","message":"Generated filename","originalName":"ft_logo1.png","service":"document-service","timestamp":"2025-09-26T11:53:28.194Z","userId":"d86090fa-4002-4bf8-bc27-6c5e2b84c4d2"}
{"categoryId":"e6713e5d-1b45-4272-9a4c-20bc8e703dbb","filename":"ft_logo1.png","level":"info","message":"Document upload started","mimeType":"image/png","service":"document-service","size":1695,"timestamp":"2025-09-26T11:53:28.202Z","userId":"d86090fa-4002-4bf8-bc27-6c5e2b84c4d2","userType":"USER"}
{"categoryId":"e6713e5d-1b45-4272-9a4c-20bc8e703dbb","fileSize":1695,"filename":"ft_logo1.png","level":"info","message":"Starting document upload process","service":"document-service","timestamp":"2025-09-26T11:53:28.208Z","userId":"d86090fa-4002-4bf8-bc27-6c5e2b84c4d2"}
{"categoryId":"e6713e5d-1b45-4272-9a4c-20bc8e703dbb","error":"This file has already been uploaded","level":"error","message":"Document upload failed","processingTime":8,"service":"document-service","timestamp":"2025-09-26T11:53:28.216Z","userId":"d86090fa-4002-4bf8-bc27-6c5e2b84c4d2"}
{"documentId":"pending","error":"This file has already been uploaded","filename":"ft_logo1.png","level":"error","message":"Document upload failed","processingTime":15,"service":"document-service","timestamp":"2025-09-26T11:53:28.217Z","userId":"d86090fa-4002-4bf8-bc27-6c5e2b84c4d2","userType":"USER"}
{"ip":"::1","level":"info","message":"Incoming request","method":"POST","service":"document-service","timestamp":"2025-09-26T11:54:09.150Z","url":"/api/documents/upload","userAgent":"PostmanRuntime/7.47.1"}
{"contractorError":"jwt expired","ip":"::1","level":"warn","message":"Token verification failed with both secrets","service":"document-service","timestamp":"2025-09-26T11:54:09.158Z","userError":"jwt expired"}
{"ip":"::1","level":"info","message":"Incoming request","method":"POST","service":"document-service","timestamp":"2025-09-26T11:54:29.210Z","url":"/api/documents/upload","userAgent":"PostmanRuntime/7.47.1"}
{"contractorError":"jwt expired","ip":"::1","level":"warn","message":"Token verification failed with both secrets","service":"document-service","timestamp":"2025-09-26T11:54:29.219Z","userError":"jwt expired"}
{"ip":"::1","level":"info","message":"Incoming request","method":"POST","service":"document-service","timestamp":"2025-09-26T11:55:02.295Z","url":"/api/documents/upload","userAgent":"PostmanRuntime/7.47.1"}
{"level":"info","message":"Token verified with USER service secret","service":"document-service","timestamp":"2025-09-26T11:55:02.300Z","userId":"d86090fa-4002-4bf8-bc27-6c5e2b84c4d2"}
{"email":"user@yopmail.com","level":"info","message":"User authenticated successfully","role":"USER","service":"document-service","timestamp":"2025-09-26T11:55:02.301Z","userId":"d86090fa-4002-4bf8-bc27-6c5e2b84c4d2","userType":"USER"}
{"generatedName":"2025-09-26T11-55-02-304Z_undefined_51AVfrCaizL._AC_UF1000_1000_QL80_.jpg_046cf0a6.jpg","level":"info","message":"Generated filename","originalName":"51AVfrCaizL._AC_UF1000,1000_QL80_.jpg","service":"document-service","timestamp":"2025-09-26T11:55:02.304Z","userId":"d86090fa-4002-4bf8-bc27-6c5e2b84c4d2"}
{"categoryId":"e6713e5d-1b45-4272-9a4c-20bc8e703dbb","filename":"51AVfrCaizL._AC_UF1000,1000_QL80_.jpg","level":"info","message":"Document upload started","mimeType":"image/jpeg","service":"document-service","size":58500,"timestamp":"2025-09-26T11:55:02.311Z","userId":"d86090fa-4002-4bf8-bc27-6c5e2b84c4d2","userType":"USER"}
{"categoryId":"e6713e5d-1b45-4272-9a4c-20bc8e703dbb","fileSize":58500,"filename":"51AVfrCaizL._AC_UF1000,1000_QL80_.jpg","level":"info","message":"Starting document upload process","service":"document-service","timestamp":"2025-09-26T11:55:02.315Z","userId":"d86090fa-4002-4bf8-bc27-6c5e2b84c4d2"}
{"categoryId":"e6713e5d-1b45-4272-9a4c-20bc8e703dbb","documentId":"4250e9de-159e-40b2-b291-abedbf655e3a","filename":"51AVfrCaizL._AC_UF1000,1000_QL80_.jpg","level":"info","message":"Document upload completed successfully","processingTime":35,"service":"document-service","timestamp":"2025-09-26T11:55:02.350Z","userId":"d86090fa-4002-4bf8-bc27-6c5e2b84c4d2"}
{"archivedDocuments":0,"categoryId":"e6713e5d-1b45-4272-9a4c-20bc8e703dbb","documentId":"4250e9de-159e-40b2-b291-abedbf655e3a","filename":"51AVfrCaizL._AC_UF1000,1000_QL80_.jpg","level":"info","message":"Document upload completed successfully","processingTime":40,"service":"document-service","timestamp":"2025-09-26T11:55:02.351Z","userId":"d86090fa-4002-4bf8-bc27-6c5e2b84c4d2","userType":"USER"}
{"level":"info","message":"Document service is running on http://localhost:3004","service":"document-service","timestamp":"2025-09-28T10:02:17.500Z"}
{"ip":"::1","level":"info","message":"Incoming request","method":"GET","service":"document-service","timestamp":"2025-09-28T10:12:10.522Z","url":"/","userAgent":"PostmanRuntime/7.48.0"}
{"ip":"::1","level":"info","message":"Incoming request","method":"GET","service":"document-service","timestamp":"2025-09-28T10:13:09.145Z","url":"/api/document-categories","userAgent":"PostmanRuntime/7.48.0"}
{"level":"info","message":"Fetching all document categories","service":"document-service","timestamp":"2025-09-28T10:13:09.147Z"}
{"level":"info","message":"Fetching all document categories","service":"document-service","timestamp":"2025-09-28T10:13:09.153Z"}
{"count":10,"level":"info","message":"Document categories fetched successfully","service":"document-service","timestamp":"2025-09-28T10:13:09.254Z"}
{"count":10,"level":"info","message":"Document categories fetched successfully","service":"document-service","timestamp":"2025-09-28T10:13:09.255Z"}
{"ip":"::1","level":"info","message":"Incoming request","method":"GET","service":"document-service","timestamp":"2025-09-28T10:15:52.538Z","url":"/","userAgent":"PostmanRuntime/7.48.0"}
{"ip":"::1","level":"info","message":"Incoming request","method":"GET","service":"document-service","timestamp":"2025-09-28T10:19:28.160Z","url":"/","userAgent":"PostmanRuntime/7.48.0"}
{"ip":"::1","level":"info","message":"Incoming request","method":"GET","service":"document-service","timestamp":"2025-09-28T10:19:30.580Z","url":"/","userAgent":"PostmanRuntime/7.48.0"}
{"ip":"::1","level":"info","message":"Incoming request","method":"GET","service":"document-service","timestamp":"2025-09-28T10:23:13.993Z","url":"/","userAgent":"PostmanRuntime/7.48.0"}
{"ip":"::1","level":"info","message":"Incoming request","method":"GET","service":"document-service","timestamp":"2025-09-28T10:26:28.360Z","url":"/","userAgent":"PostmanRuntime/7.48.0"}
{"ip":"::1","level":"info","message":"Incoming request","method":"GET","service":"document-service","timestamp":"2025-09-28T10:26:48.179Z","url":"/","userAgent":"PostmanRuntime/7.48.0"}
{"ip":"::1","level":"info","message":"Incoming request","method":"GET","service":"document-service","timestamp":"2025-09-28T10:27:50.308Z","url":"/api/document-categories","userAgent":"PostmanRuntime/7.48.0"}
{"level":"info","message":"Fetching all document categories","service":"document-service","timestamp":"2025-09-28T10:27:50.308Z"}
{"level":"info","message":"Fetching all document categories","service":"document-service","timestamp":"2025-09-28T10:27:50.309Z"}
{"count":10,"level":"info","message":"Document categories fetched successfully","service":"document-service","timestamp":"2025-09-28T10:27:50.358Z"}
{"count":10,"level":"info","message":"Document categories fetched successfully","service":"document-service","timestamp":"2025-09-28T10:27:50.358Z"}
