{"level":"info","message":"User service is running on port 3001","service":"user-service","timestamp":"2025-09-25T10:14:44.576Z"}
{"level":"info","message":"User service is running on port 3001","service":"user-service","timestamp":"2025-09-25T10:14:44.576Z"}
{"level":"info","message":"User service is running on port 3001","service":"user-service","timestamp":"2025-09-25T10:19:56.816Z"}
{"email":"prabh@yopmail.com","level":"info","message":"User registered successfully: prabh@yopmail.com","service":"user-service","timestamp":"2025-09-25T10:21:25.696Z","userId":"4288a7d9-e916-4a29-929e-db19c01f4b3a"}
{"email":"prabh1@yopmail.com","level":"warn","message":"Login attempt with non-existent email","service":"user-service","timestamp":"2025-09-25T10:23:12.424Z"}
{"email":"prabh1@yopmail.com","error":"Invalid email or password","level":"error","message":"User login failed:","service":"user-service","timestamp":"2025-09-25T10:23:12.425Z"}
{"email":"prabh1@yopmail.com","error":"Invalid email or password","ip":"::1","level":"error","message":"User login error:","service":"user-service","timestamp":"2025-09-25T10:23:12.427Z"}
{"email":"prabh@yopmail.com","level":"info","message":"User logged in successfully","service":"user-service","timestamp":"2025-09-25T10:23:19.645Z","userId":"4288a7d9-e916-4a29-929e-db19c01f4b3a"}
{"email":"prabh@yopmail.com","error":"Email already registered","level":"error","message":"User registration failed:","service":"user-service","timestamp":"2025-09-25T10:24:18.811Z"}
{"email":"prabh@yopmail.com","error":"Email already registered","ip":"::1","level":"error","message":"User registration error:","service":"user-service","timestamp":"2025-09-25T10:24:18.813Z"}
{"level":"info","message":"User service is running on port 3001","service":"user-service","timestamp":"2025-09-25T10:33:39.297Z"}
{"level":"info","message":"User service is running on port 3001","service":"user-service","timestamp":"2025-09-25T10:33:52.787Z"}
{"level":"info","message":"User service is running on port 3001","service":"user-service","timestamp":"2025-09-25T10:34:03.348Z"}
{"level":"info","message":"User service is running on port 3001","service":"user-service","timestamp":"2025-09-25T10:34:13.015Z"}
{"level":"info","message":"User service is running on port 3001","service":"user-service","timestamp":"2025-09-25T10:34:46.914Z"}
{"level":"info","message":"User service is running on port 3001","service":"user-service","timestamp":"2025-09-25T10:34:57.133Z"}
{"level":"info","message":"User service is running on port 3001","service":"user-service","timestamp":"2025-09-25T10:35:07.599Z"}
{"level":"info","message":"User service is running on port 3001","service":"user-service","timestamp":"2025-09-25T10:35:23.688Z"}
{"level":"info","message":"User service is running on port 3001","service":"user-service","timestamp":"2025-09-25T10:36:47.009Z"}
{"level":"info","message":"User service is running on port 3001","service":"user-service","timestamp":"2025-09-25T10:38:27.191Z"}
{"level":"info","message":"User service is running on port 3001","service":"user-service","timestamp":"2025-09-25T10:38:28.825Z"}
{"level":"info","message":"User service is running on port 3001","service":"user-service","timestamp":"2025-09-25T10:38:49.840Z"}
{"level":"info","message":"User service is running on port 3001","service":"user-service","timestamp":"2025-09-25T10:39:27.398Z"}
{"level":"info","message":"User service is running on port 3001","service":"user-service","timestamp":"2025-09-25T10:39:57.295Z"}
{"email":"prabh@yopmail.com","error":"Email already registered","level":"error","message":"User registration failed:","service":"user-service","timestamp":"2025-09-25T10:40:10.262Z"}
{"email":"prabh@yopmail.com","error":"Email already registered","ip":"::1","level":"error","message":"User registration error:","service":"user-service","timestamp":"2025-09-25T10:40:10.268Z"}
{"email":"test@yopmail.com","level":"info","message":"User registered successfully: test@yopmail.com","service":"user-service","timestamp":"2025-09-25T10:43:21.241Z","userId":"47bd0a16-54b0-4bd3-ba11-89ab425d98d7"}
{"level":"info","message":"User service is running on port 3001","service":"user-service","timestamp":"2025-09-25T10:44:19.022Z"}
{"level":"info","message":"User service is running on port 3001","service":"user-service","timestamp":"2025-09-25T10:44:50.860Z"}
{"level":"info","message":"User service is running on port 3001","service":"user-service","timestamp":"2025-09-25T10:55:12.414Z"}
{"level":"info","message":"User service is running on port 3001","service":"user-service","timestamp":"2025-09-25T10:59:37.115Z"}
{"level":"info","message":"User service is running on port 3001","service":"user-service","timestamp":"2025-09-25T11:01:36.396Z"}
{"level":"error","message":"Send OTP error: Invalid phone number format. Supported countries: Saudi Arabia (0512345678)","service":"user-service","stack":"Error: Invalid phone number format. Supported countries: Saudi Arabia (0512345678)\n    at PhoneVerificationService.sendOTP (C:\\Users\\HP EliteBook\\Desktop\\Prabhjot\\rabhan-v3\\backend\\user-service\\src\\services\\phone-verification.service.ts:111:15)\n    at sendPhoneOTP (C:\\Users\\HP EliteBook\\Desktop\\Prabhjot\\rabhan-v3\\backend\\user-service\\src\\controllers\\auth.controller.ts:210:43)\n    at Layer.handleRequest (C:\\Users\\HP EliteBook\\Desktop\\Prabhjot\\rabhan-v3\\node_modules\\router\\lib\\layer.js:152:17)\n    at next (C:\\Users\\HP EliteBook\\Desktop\\Prabhjot\\rabhan-v3\\node_modules\\router\\lib\\route.js:157:13)\n    at Route.dispatch (C:\\Users\\HP EliteBook\\Desktop\\Prabhjot\\rabhan-v3\\node_modules\\router\\lib\\route.js:117:3)\n    at handle (C:\\Users\\HP EliteBook\\Desktop\\Prabhjot\\rabhan-v3\\node_modules\\router\\index.js:435:11)\n    at Layer.handleRequest (C:\\Users\\HP EliteBook\\Desktop\\Prabhjot\\rabhan-v3\\node_modules\\router\\lib\\layer.js:152:17)\n    at C:\\Users\\HP EliteBook\\Desktop\\Prabhjot\\rabhan-v3\\node_modules\\router\\index.js:295:15\n    at processParams (C:\\Users\\HP EliteBook\\Desktop\\Prabhjot\\rabhan-v3\\node_modules\\router\\index.js:582:12)\n    at next (C:\\Users\\HP EliteBook\\Desktop\\Prabhjot\\rabhan-v3\\node_modules\\router\\index.js:291:5)","timestamp":"2025-09-25T11:03:28.003Z"}
{"level":"error","message":"Send phone OTP error: Invalid phone number format. Supported countries: Saudi Arabia (0512345678)","service":"user-service","stack":"Error: Invalid phone number format. Supported countries: Saudi Arabia (0512345678)\n    at PhoneVerificationService.sendOTP (C:\\Users\\HP EliteBook\\Desktop\\Prabhjot\\rabhan-v3\\backend\\user-service\\src\\services\\phone-verification.service.ts:111:15)\n    at sendPhoneOTP (C:\\Users\\HP EliteBook\\Desktop\\Prabhjot\\rabhan-v3\\backend\\user-service\\src\\controllers\\auth.controller.ts:210:43)\n    at Layer.handleRequest (C:\\Users\\HP EliteBook\\Desktop\\Prabhjot\\rabhan-v3\\node_modules\\router\\lib\\layer.js:152:17)\n    at next (C:\\Users\\HP EliteBook\\Desktop\\Prabhjot\\rabhan-v3\\node_modules\\router\\lib\\route.js:157:13)\n    at Route.dispatch (C:\\Users\\HP EliteBook\\Desktop\\Prabhjot\\rabhan-v3\\node_modules\\router\\lib\\route.js:117:3)\n    at handle (C:\\Users\\HP EliteBook\\Desktop\\Prabhjot\\rabhan-v3\\node_modules\\router\\index.js:435:11)\n    at Layer.handleRequest (C:\\Users\\HP EliteBook\\Desktop\\Prabhjot\\rabhan-v3\\node_modules\\router\\lib\\layer.js:152:17)\n    at C:\\Users\\HP EliteBook\\Desktop\\Prabhjot\\rabhan-v3\\node_modules\\router\\index.js:295:15\n    at processParams (C:\\Users\\HP EliteBook\\Desktop\\Prabhjot\\rabhan-v3\\node_modules\\router\\index.js:582:12)\n    at next (C:\\Users\\HP EliteBook\\Desktop\\Prabhjot\\rabhan-v3\\node_modules\\router\\index.js:291:5)","timestamp":"2025-09-25T11:03:28.005Z"}
{"level":"error","message":"Send OTP error: Reached the max retries per request limit (which is 3). Refer to \"maxRetriesPerRequest\" option for details.","service":"user-service","stack":"MaxRetriesPerRequestError: Reached the max retries per request limit (which is 3). Refer to \"maxRetriesPerRequest\" option for details.\n    at Socket.<anonymous> (C:\\Users\\HP EliteBook\\Desktop\\Prabhjot\\rabhan-v3\\node_modules\\ioredis\\built\\redis\\event_handler.js:182:37)\n    at Object.onceWrapper (node:events:639:26)\n    at Socket.emit (node:events:524:28)\n    at TCP.<anonymous> (node:net:350:12)","timestamp":"2025-09-25T11:05:06.984Z"}
{"level":"error","message":"Send phone OTP error: Reached the max retries per request limit (which is 3). Refer to \"maxRetriesPerRequest\" option for details.","service":"user-service","stack":"MaxRetriesPerRequestError: Reached the max retries per request limit (which is 3). Refer to \"maxRetriesPerRequest\" option for details.\n    at Socket.<anonymous> (C:\\Users\\HP EliteBook\\Desktop\\Prabhjot\\rabhan-v3\\node_modules\\ioredis\\built\\redis\\event_handler.js:182:37)\n    at Object.onceWrapper (node:events:639:26)\n    at Socket.emit (node:events:524:28)\n    at TCP.<anonymous> (node:net:350:12)","timestamp":"2025-09-25T11:05:06.985Z"}
{"level":"info","message":"User service is running on port 3001","service":"user-service","timestamp":"2025-09-25T11:06:39.767Z"}
{"level":"info","message":"🧪 DEVELOPMENT MODE: Using dummy OTP '123456' for 0598898883","service":"user-service","timestamp":"2025-09-25T11:06:44.551Z"}
{"level":"info","message":"📱 Real OTP would have been: 490166","service":"user-service","timestamp":"2025-09-25T11:06:44.551Z"}
{"level":"info","message":"Phone verification successful for 0598898883","service":"user-service","timestamp":"2025-09-25T11:08:35.240Z"}
{"level":"info","message":"User service is running on port 3001","service":"user-service","timestamp":"2025-09-25T11:12:59.823Z"}
{"level":"info","message":"User service is running on port 3001","service":"user-service","timestamp":"2025-09-25T11:13:32.170Z"}
{"level":"info","message":"User service is running on port 3001","service":"user-service","timestamp":"2025-09-25T11:13:42.717Z"}
{"level":"info","message":"User service is running on port 3001","service":"user-service","timestamp":"2025-09-25T11:13:52.067Z"}
{"level":"info","message":"User service is running on port 3001","service":"user-service","timestamp":"2025-09-25T11:14:02.393Z"}
{"email":"prabh@yopmail.com","level":"info","message":"User logged in successfully","service":"user-service","timestamp":"2025-09-25T11:14:55.051Z","userId":"4288a7d9-e916-4a29-929e-db19c01f4b3a"}
{"level":"info","message":"User service is running on port 3001","service":"user-service","timestamp":"2025-09-25T11:17:15.315Z"}
{"level":"info","message":"User service is running on port 3001","service":"user-service","timestamp":"2025-09-25T11:17:29.803Z"}
{"level":"info","message":"User service is running on port 3001","service":"user-service","timestamp":"2025-09-25T11:17:40.892Z"}
{"level":"info","message":"User service is running on port 3001","service":"user-service","timestamp":"2025-09-25T11:17:56.460Z"}
{"level":"info","message":"User service is running on port 3001","service":"user-service","timestamp":"2025-09-25T11:18:05.518Z"}
{"level":"info","message":"User service is running on port 3001","service":"user-service","timestamp":"2025-09-25T11:18:14.324Z"}
{"error":"Cannot read properties of undefined (reading 'map')","level":"error","message":"Unhandled error:","method":"PUT","path":"/api/auth/profile","service":"user-service","stack":"TypeError: Cannot read properties of undefined (reading 'map')\n    at <anonymous> (C:\\Users\\HP EliteBook\\Desktop\\Prabhjot\\rabhan-v3\\backend\\user-service\\src\\middleware\\validation.ts:12:47)\n    at Layer.handleRequest (C:\\Users\\HP EliteBook\\Desktop\\Prabhjot\\rabhan-v3\\node_modules\\router\\lib\\layer.js:152:17)\n    at next (C:\\Users\\HP EliteBook\\Desktop\\Prabhjot\\rabhan-v3\\node_modules\\router\\lib\\route.js:157:13)\n    at authenticate (C:\\Users\\HP EliteBook\\Desktop\\Prabhjot\\rabhan-v3\\backend\\user-service\\src\\middleware\\auth.middleware.ts:39:9)\n    at Layer.handleRequest (C:\\Users\\HP EliteBook\\Desktop\\Prabhjot\\rabhan-v3\\node_modules\\router\\lib\\layer.js:152:17)\n    at next (C:\\Users\\HP EliteBook\\Desktop\\Prabhjot\\rabhan-v3\\node_modules\\router\\lib\\route.js:157:13)\n    at Route.dispatch (C:\\Users\\HP EliteBook\\Desktop\\Prabhjot\\rabhan-v3\\node_modules\\router\\lib\\route.js:117:3)\n    at handle (C:\\Users\\HP EliteBook\\Desktop\\Prabhjot\\rabhan-v3\\node_modules\\router\\index.js:435:11)\n    at Layer.handleRequest (C:\\Users\\HP EliteBook\\Desktop\\Prabhjot\\rabhan-v3\\node_modules\\router\\lib\\layer.js:152:17)\n    at C:\\Users\\HP EliteBook\\Desktop\\Prabhjot\\rabhan-v3\\node_modules\\router\\index.js:295:15","timestamp":"2025-09-25T11:19:02.024Z"}
{"level":"info","message":"User service is running on port 3001","service":"user-service","timestamp":"2025-09-25T11:20:18.157Z"}
{"level":"info","message":"User service is running on port 3001","service":"user-service","timestamp":"2025-09-25T11:20:34.641Z"}
{"level":"info","message":"User service is running on port 3001","service":"user-service","timestamp":"2025-09-25T11:21:03.800Z"}
{"level":"info","message":"User service is running on port 3001","service":"user-service","timestamp":"2025-09-25T11:21:59.832Z"}
{"level":"info","message":"User service is running on port 3001","service":"user-service","timestamp":"2025-09-25T11:22:13.725Z"}
{"level":"info","message":"User service is running on port 3001","service":"user-service","timestamp":"2025-09-25T11:22:36.459Z"}
{"level":"info","message":"User service is running on port 3001","service":"user-service","timestamp":"2025-09-25T11:23:30.984Z"}
{"level":"info","message":"User service is running on port 3001","service":"user-service","timestamp":"2025-09-25T11:24:05.726Z"}
{"level":"info","message":"User service is running on port 3001","service":"user-service","timestamp":"2025-09-25T11:24:09.626Z"}
{"level":"info","message":"User service is running on port 3001","service":"user-service","timestamp":"2025-09-25T11:24:16.889Z"}
{"level":"info","message":"User service is running on port 3001","service":"user-service","timestamp":"2025-09-25T12:06:51.140Z"}
{"level":"info","message":"User service is running on port 3001","service":"user-service","timestamp":"2025-09-25T12:07:13.900Z"}
{"error":"Invalid or expired access token","ip":"::1","level":"warn","message":"Invalid access token:","service":"user-service","timestamp":"2025-09-25T12:07:32.619Z"}
{"email":"prabh@yopmail.com","level":"info","message":"User logged in successfully","service":"user-service","timestamp":"2025-09-25T12:07:45.902Z","userId":"4288a7d9-e916-4a29-929e-db19c01f4b3a"}
{"error":"[\n  {\n    \"origin\": \"string\",\n    \"code\": \"invalid_format\",\n    \"format\": \"regex\",\n    \"pattern\": \"/^[a-zA-Z\\\\s]+$/\",\n    \"path\": [\n      \"firstName\"\n    ],\n    \"message\": \"First name can only contain letters and spaces\"\n  }\n]","level":"error","message":"Unexpected validation error:","method":"PUT","path":"/profile","service":"user-service","timestamp":"2025-09-25T12:07:56.961Z"}
{"level":"info","message":"User service is running on port 3001","service":"user-service","timestamp":"2025-09-25T12:08:56.041Z"}
{"level":"info","message":"User service is running on port 3001","service":"user-service","timestamp":"2025-09-25T12:09:08.857Z"}
{"email":"prabh@yopmail.com","level":"info","message":"User profile updated successfully","service":"user-service","timestamp":"2025-09-25T12:09:20.482Z","userId":"4288a7d9-e916-4a29-929e-db19c01f4b3a"}
{"level":"info","message":"User service is running on port 3001","service":"user-service","timestamp":"2025-09-25T12:19:31.217Z"}
{"level":"info","message":"User service is running on port 3001","service":"user-service","timestamp":"2025-09-25T12:19:44.469Z"}
{"level":"info","message":"User service is running on port 3001","service":"user-service","timestamp":"2025-09-25T12:20:03.139Z"}
{"level":"info","message":"User service is running on port 3001","service":"user-service","timestamp":"2025-09-25T13:52:04.512Z"}
{"email":"user@yopmail.com","level":"info","message":"User registered successfully: user@yopmail.com","service":"user-service","timestamp":"2025-09-25T13:52:28.031Z","userId":"48feefcc-3975-4b32-8d0b-0141253be6bc"}
{"error":"Invalid or expired access token","ip":"::1","level":"warn","message":"Invalid access token:","service":"user-service","timestamp":"2025-09-25T13:54:35.666Z"}
{"email":"user@yopmail.com","level":"info","message":"User logged in successfully","service":"user-service","timestamp":"2025-09-25T13:54:51.889Z","userId":"48feefcc-3975-4b32-8d0b-0141253be6bc"}
{"error":"Invalid or expired access token","ip":"::1","level":"warn","message":"Invalid access token:","service":"user-service","timestamp":"2025-09-25T13:55:05.013Z"}
{"error":"Invalid or expired access token","ip":"::1","level":"warn","message":"Invalid access token:","service":"user-service","timestamp":"2025-09-25T13:56:50.878Z"}
{"email":"user@yopmail.com","level":"info","message":"User logged in successfully","service":"user-service","timestamp":"2025-09-25T13:56:56.565Z","userId":"48feefcc-3975-4b32-8d0b-0141253be6bc"}
{"level":"info","message":"User service is running on port 3001","service":"user-service","timestamp":"2025-09-25T13:58:04.330Z"}
{"error":"Invalid or expired access token","ip":"::1","level":"warn","message":"Invalid access token:","service":"user-service","timestamp":"2025-09-25T14:00:31.387Z"}
{"email":"user@yopmail.com","level":"info","message":"User logged in successfully","service":"user-service","timestamp":"2025-09-25T14:00:42.335Z","userId":"48feefcc-3975-4b32-8d0b-0141253be6bc"}
{"error":"[\n  {\n    \"origin\": \"string\",\n    \"code\": \"invalid_format\",\n    \"format\": \"regex\",\n    \"pattern\": \"/^[0-9]{5}$/\",\n    \"path\": [\n      \"postalCode\"\n    ],\n    \"message\": \"Postal code must be exactly 5 digits\"\n  }\n]","level":"error","message":"Unexpected validation error:","method":"PUT","path":"/","service":"user-service","timestamp":"2025-09-25T14:00:56.616Z"}
{"level":"info","message":"User service is running on port 3001","service":"user-service","timestamp":"2025-09-25T14:02:02.036Z"}
{"level":"info","message":"User service is running on port 3001","service":"user-service","timestamp":"2025-09-25T14:02:21.807Z"}
{"bnplEligible":false,"completionPercentage":77,"level":"info","message":"User profile updated successfully","profileId":"26ed54f2-08d3-4c4e-947c-bfa54b806b03","service":"user-service","timestamp":"2025-09-25T14:02:25.877Z","userId":"48feefcc-3975-4b32-8d0b-0141253be6bc"}
{"email":"user@yopmail.com","level":"info","message":"User logged in successfully","service":"user-service","timestamp":"2025-09-25T14:03:48.920Z","userId":"48feefcc-3975-4b32-8d0b-0141253be6bc"}
